<?xml version="1.0" encoding="UTF-8"?>
<!-- Generated by org.testng.reporters.JUnitXMLReporter -->
<testsuite ignored="0" hostname="Ankur" failures="1" tests="2" name="Test" time="26.509" errors="0" timestamp="2026-04-10T15:54:53 IST">
  <testcase classname="testCases.TC001_AccountRegistrationTest" name="verify_account_registration" time="2.776"/>
  <testcase classname="testCases.TC002_LoginTest" name="verifyLogin" time="14.064">
    <failure type="java.lang.AssertionError" message="expected [true] but found [false]">
      <![CDATA[java.lang.AssertionError: expected [true] but found [false]
at testCases.TC002_LoginTest.verifyLogin(TC002_LoginTest.java:34)
at java.base/java.util.ArrayList.forEach(ArrayList.java:1597)
... Removed 29 stack frames]]>
    </failure>
  </testcase> <!-- verifyLogin -->
</testsuite> <!-- Test -->
