<?xml version="1.0" encoding="UTF-8"?>
<!-- Generated by org.testng.reporters.JUnitReportReporter -->
<testsuite hostname="Ankur" failures="0" tests="5" name="testCases.TC003_LoginDDT" time="31.538" errors="0" timestamp="2026-04-09T17:55:36 IST" skipped="0">
  <testcase classname="testCases.TC003_LoginDDT" name="verify_loginDDT" time="5.261"/>
  <testcase classname="testCases.TC003_LoginDDT" name="verify_loginDDT" time="10.916"/>
  <testcase classname="testCases.TC003_LoginDDT" name="verify_loginDDT" time="10.728"/>
  <testcase classname="testCases.TC003_LoginDDT" name="verify_loginDDT" time="2.479"/>
  <testcase classname="testCases.TC003_LoginDDT" name="verify_loginDDT" time="2.154"/>
</testsuite> <!-- testCases.TC003_LoginDDT -->
